This is pdfTeX, Version 3.14159265-2.6-1.40.18 (TeX Live 2017) (preloaded format=pdflatex 2017.5.23)  30 MAR 2020 20:07
entering extended mode
 restricted \write18 enabled.
 %&-line parsing enabled.
**new.tex
(./new.tex
LaTeX2e <2017-04-15>
Babel <3.10> and hyphenation patterns for 84 language(s) loaded.
(/usr/local/texlive/2017/texmf-dist/tex/latex/revtex/revtex4-1.cls
Document Class: revtex4-1 2010/07/25/20:33:00 4.1r (http://publish.aps.org/revt
ex4/ for documentation)
 Copyright (c) 2009 The American Physical Society.
 mailto:revtex@aps.org
 Licensed under the LPPL:
http://www.ctan.org/tex-archive/macros/latex/base/lppl.txt
 Arthur Ogawa <arthur_ogawa at sbcglobal dot net>
 Based on work by David Carlisle <david at dcarlisle.demon.co.uk>.
ltxutil[2010/07/25/20:33:00 4.1r utilities package (portions licensed from W. E
. Baxter web at superscript.com)]
LaTeX Info: Redefining \@centercr on input line 308.
Class revtex4-1 Info: Repairing broken LaTeX eqnarray on input line 358.
\eqncolsep=\skip41
Class revtex4-1 Info: Repairing hyperref-unfriendly LaTeX definition of \mpfoot
note on input line 433.
Class revtex4-1 Info: Repairing broken LateX \@sect on input line 755.
\intertabularlinepenalty=\count79
\@tbpen=\count80
\@arstrutbox@hline=\box26
Class revtex4-1 Info: Repairing broken LaTeX \@xbitor on input line 1786.
Class revtex4-1 Info: Making \typeout \long on input line 2046.
ltxfront[2010/07/25/20:33:00 4.1r frontmatter package (AO,DPC)]
\c@affil=\count81
\c@collab=\count82
\absbox=\box27
ltxgrid[2010/07/25/20:33:00 4.1r page grid package (portions licensed from W. E
. Baxter web at superscript.com)]
\c@linecount=\count83
\output@latex=\toks14
\box@size@1=\box28
\box@size@2=\box29
\@protection@box=\box30
\@topmark@saved=\toks15
\footins@saved=\box31
\footins@recovered=\box32
\column@recovered=\box33
\pagesofar=\box34
\footsofar=\box35
\pagegrid@col=\count84
Class revtex4-1 Info: Overriding \@vspace, \@vspacer, \@no@pgbk, \@newline, and
 \\  on input line 5578.
\c@part=\count85
\c@section=\count86
\c@subsection=\count87
\c@subsubsection=\count88
\c@paragraph=\count89
\c@subparagraph=\count90
\abovecaptionskip=\skip42
\belowcaptionskip=\skip43
\c@figure=\count91
\fbox@1=\box36
\c@table=\count92
\fbox@2=\box37
\c@video=\count93
\fbox@4=\box38
\@bibdataout=\write3
\widetext@top=\box39
\widetext@bot=\box40

Class revtex4-1 Warning: No Society specified, using default society aps.

(/usr/local/texlive/2017/texmf-dist/tex/latex/revtex/aps4-1.rtx
File: aps4-1 2010/07/25/20:33:00 4.1r (http://publish.aps.org/revtex4/ for docu
mentation)
Class revtex4-1 Info: RevTeX society APS selected on input line 31.
)
Class revtex4-1 Info: Selecting journal prl on input line 7544.
Class revtex4-1 Info: APS journal PRL selected on input line 7545.


Class revtex4-1 Warning: No type size specified, using default 10.

(/usr/local/texlive/2017/texmf-dist/tex/latex/revtex/aps10pt4-1.rtx
File: aps10pt4-1 2010/07/25/20:33:00 4.1r (http://publish.aps.org/revtex4/ for 
documentation)
Class revtex4-1 Info: RevTeX pointsize 10pt selected on input line 30.
)
(/usr/local/texlive/2017/texmf-dist/tex/latex/textcase/textcase.sty
Package: textcase 2004/10/07 v0.07 Text only upper/lower case changing (DPC)
)
(/usr/local/texlive/2017/texmf-dist/tex/latex/url/url.sty
\Urlmuskip=\muskip10
Package: url 2013/09/16  ver 3.4  Verb mode for urls, etc.
)
(/usr/local/texlive/2017/texmf-dist/tex/latex/natbib/natbib.sty
Package: natbib 2010/09/13 8.31b (PWD, AO)
\bibhang=\skip44
\bibsep=\skip45
LaTeX Info: Redefining \cite on input line 694.
\c@NAT@ctr=\count94
)
Class revtex4-1 Info: Repairing natbib's \BibitemShut on input line 7549.

(/usr/local/texlive/2017/texmf-dist/tex/latex/revtex/revsymb4-1.sty
Package: revsymb4-1 2010/07/25/20:33:00 4.1r (http://publish.aps.org/revtex4/ f
or documentation)
LaTeX Info: Redefining \REV@mathfrak on input line 119.
))
(/usr/local/texlive/2017/texmf-dist/tex/latex/hyperref/hyperref.sty
Package: hyperref 2017/03/14 v6.85a Hypertext links for LaTeX

(/usr/local/texlive/2017/texmf-dist/tex/generic/oberdiek/hobsub-hyperref.sty
Package: hobsub-hyperref 2016/05/16 v1.14 Bundle oberdiek, subset hyperref (HO)


(/usr/local/texlive/2017/texmf-dist/tex/generic/oberdiek/hobsub-generic.sty
Package: hobsub-generic 2016/05/16 v1.14 Bundle oberdiek, subset generic (HO)
Package: hobsub 2016/05/16 v1.14 Construct package bundles (HO)
Package: infwarerr 2016/05/16 v1.4 Providing info/warning/error messages (HO)
Package: ltxcmds 2016/05/16 v1.23 LaTeX kernel commands for general use (HO)
Package: ifluatex 2016/05/16 v1.4 Provides the ifluatex switch (HO)
Package ifluatex Info: LuaTeX not detected.
Package: ifvtex 2016/05/16 v1.6 Detect VTeX and its facilities (HO)
Package ifvtex Info: VTeX not detected.
Package: intcalc 2016/05/16 v1.2 Expandable calculations with integers (HO)
Package: ifpdf 2017/03/15 v3.2 Provides the ifpdf switch
Package: etexcmds 2016/05/16 v1.6 Avoid name clashes with e-TeX commands (HO)
Package etexcmds Info: Could not find \expanded.
(etexcmds)             That can mean that you are not using pdfTeX 1.50 or
(etexcmds)             that some package has redefined \expanded.
(etexcmds)             In the latter case, load this package earlier.
Package: kvsetkeys 2016/05/16 v1.17 Key value parser (HO)
Package: kvdefinekeys 2016/05/16 v1.4 Define keys (HO)
Package: pdftexcmds 2017/03/19 v0.25 Utility functions of pdfTeX for LuaTeX (HO
)
Package pdftexcmds Info: LuaTeX not detected.
Package pdftexcmds Info: \pdf@primitive is available.
Package pdftexcmds Info: \pdf@ifprimitive is available.
Package pdftexcmds Info: \pdfdraftmode found.
Package: pdfescape 2016/05/16 v1.14 Implements pdfTeX's escape features (HO)
Package: bigintcalc 2016/05/16 v1.4 Expandable calculations on big integers (HO
)
Package: bitset 2016/05/16 v1.2 Handle bit-vector datatype (HO)
Package: uniquecounter 2016/05/16 v1.3 Provide unlimited unique counter (HO)
)
Package hobsub Info: Skipping package `hobsub' (already loaded).
Package: letltxmacro 2016/05/16 v1.5 Let assignment for LaTeX macros (HO)
Package: hopatch 2016/05/16 v1.3 Wrapper for package hooks (HO)
Package: xcolor-patch 2016/05/16 xcolor patch
Package: atveryend 2016/05/16 v1.9 Hooks at the very end of document (HO)
Package: atbegshi 2016/06/09 v1.18 At begin shipout hook (HO)
Package: refcount 2016/05/16 v3.5 Data extraction from label references (HO)
Package: hycolor 2016/05/16 v1.8 Color options for hyperref/bookmark (HO)
)
(/usr/local/texlive/2017/texmf-dist/tex/latex/graphics/keyval.sty
Package: keyval 2014/10/28 v1.15 key=value parser (DPC)
\KV@toks@=\toks16
)
(/usr/local/texlive/2017/texmf-dist/tex/generic/ifxetex/ifxetex.sty
Package: ifxetex 2010/09/12 v0.6 Provides ifxetex conditional
)
(/usr/local/texlive/2017/texmf-dist/tex/latex/oberdiek/auxhook.sty
Package: auxhook 2016/05/16 v1.4 Hooks for auxiliary files (HO)
)
(/usr/local/texlive/2017/texmf-dist/tex/latex/oberdiek/kvoptions.sty
Package: kvoptions 2016/05/16 v3.12 Key value format for package options (HO)
)
\@linkdim=\dimen102
\Hy@linkcounter=\count95
\Hy@pagecounter=\count96

(/usr/local/texlive/2017/texmf-dist/tex/latex/hyperref/pd1enc.def
File: pd1enc.def 2017/03/14 v6.85a Hyperref: PDFDocEncoding definition (HO)
)
\Hy@SavedSpaceFactor=\count97

(/usr/local/texlive/2017/texmf-dist/tex/latex/latexconfig/hyperref.cfg
File: hyperref.cfg 2002/06/06 v1.2 hyperref configuration of TeXLive
)
Package hyperref Info: Option `colorlinks' set `false' on input line 4374.
Package hyperref Info: Hyper figures OFF on input line 4498.
Package hyperref Info: Link nesting OFF on input line 4503.
Package hyperref Info: Hyper index ON on input line 4506.
Package hyperref Info: Plain pages OFF on input line 4513.
Package hyperref Info: Backreferencing OFF on input line 4518.
Package hyperref Info: Implicit mode ON; LaTeX internals redefined.
Package hyperref Info: Bookmarks ON on input line 4751.
LaTeX Info: Redefining \href on input line 5015.
\c@Hy@tempcnt=\count98
LaTeX Info: Redefining \url on input line 5104.
\XeTeXLinkMargin=\dimen103
\Fld@menulength=\count99
\Field@Width=\dimen104
\Fld@charsize=\dimen105
Package hyperref Info: Hyper figures OFF on input line 6358.
Package hyperref Info: Link nesting OFF on input line 6363.
Package hyperref Info: Hyper index ON on input line 6366.
Package hyperref Info: backreferencing OFF on input line 6373.
Package hyperref Info: Link coloring OFF on input line 6378.
Package hyperref Info: Link coloring with OCG OFF on input line 6383.
Package hyperref Info: PDF/A mode OFF on input line 6388.
LaTeX Info: Redefining \ref on input line 6428.
LaTeX Info: Redefining \pageref on input line 6432.
\Hy@abspage=\count100
\c@Item=\count101
\c@Hfootnote=\count102
)

Package hyperref Message: Driver (autodetected): hpdftex.

(/usr/local/texlive/2017/texmf-dist/tex/latex/hyperref/hpdftex.def
File: hpdftex.def 2017/03/14 v6.85a Hyperref driver for pdfTeX
\Fld@listcount=\count103
\c@bookmark@seq@number=\count104

(/usr/local/texlive/2017/texmf-dist/tex/latex/oberdiek/rerunfilecheck.sty
Package: rerunfilecheck 2016/05/16 v1.8 Rerun checks for auxiliary files (HO)
Package uniquecounter Info: New unique counter `rerunfilecheck' on input line 2
82.
)
\Hy@SectionHShift=\skip46
)
Class revtex4-1 Info: Patching LaTeX tabular. on input line 9.
Class revtex4-1 Info: Robustifying \LaTeX's \boldmath command on input line 9.
Class revtex4-1 Info: cite was not loaded (OK!) on input line 9.
Class revtex4-1 Info: mcite was not loaded (OK!) on input line 9.
Class revtex4-1 Info: multicol was not loaded (OK!) on input line 9.

(./new.aux)
\openout1 = `new.aux'.

LaTeX Font Info:    Checking defaults for OML/cmm/m/it on input line 9.
LaTeX Font Info:    ... okay on input line 9.
LaTeX Font Info:    Checking defaults for T1/cmr/m/n on input line 9.
LaTeX Font Info:    ... okay on input line 9.
LaTeX Font Info:    Checking defaults for OT1/cmr/m/n on input line 9.
LaTeX Font Info:    ... okay on input line 9.
LaTeX Font Info:    Checking defaults for OMS/cmsy/m/n on input line 9.
LaTeX Font Info:    ... okay on input line 9.
LaTeX Font Info:    Checking defaults for OMX/cmex/m/n on input line 9.
LaTeX Font Info:    ... okay on input line 9.
LaTeX Font Info:    Checking defaults for U/cmr/m/n on input line 9.
LaTeX Font Info:    ... okay on input line 9.
LaTeX Font Info:    Checking defaults for PD1/pdf/m/n on input line 9.
LaTeX Font Info:    ... okay on input line 9.
\AtBeginShipoutBox=\box41
Package hyperref Info: Link coloring OFF on input line 9.
 (/usr/local/texlive/2017/texmf-dist/tex/latex/hyperref/nameref.sty
Package: nameref 2016/05/21 v2.44 Cross-referencing by name of section

(/usr/local/texlive/2017/texmf-dist/tex/generic/oberdiek/gettitlestring.sty
Package: gettitlestring 2016/05/16 v1.5 Cleanup title references (HO)
)
\c@section@level=\count105
)
LaTeX Info: Redefining \ref on input line 9.
LaTeX Info: Redefining \pageref on input line 9.
LaTeX Info: Redefining \nameref on input line 9.

(./new.out) (./new.out)
\@outlinefile=\write4
\openout4 = `new.out'.

Class revtex4-1 Info: Taking \maketitle back from hyperref on input line 9.
\openout3 = `newNotes.bib'.

 (./new.bbl) [1{/usr/local/texlive/2017/texmf-var/fonts/map/pdftex/updmap/pdfte
x.map}]
Package atveryend Info: Empty hook `AfterLastShipout' on input line 17.
 (./new.aux)
Package atveryend Info: Executing hook `AtVeryEndDocument' on input line 17.
Package atveryend Info: Executing hook `AtEndAfterFileList' on input line 17.
Package rerunfilecheck Info: File `new.out' has not changed.
(rerunfilecheck)             Checksum: 9F07EC05F143D1F0C6494F0F9D9DFD36;46.
 ) 
Here is how much of TeX's memory you used:
 6098 strings out of 492995
 88097 string characters out of 6132704
 180244 words of memory out of 5000000
 9656 multiletter control sequences out of 15000+600000
 4247 words of font info for 16 fonts, out of 8000000 for 9000
 1141 hyphenation exceptions out of 8191
 28i,4n,25p,185b,332s stack positions out of 5000i,500n,10000p,200000b,80000s
</usr/local/texlive/2017/texmf-dist/fonts/type1/public/amsfonts/cm/cmbx9.pfb>
</usr/local/texlive/2017/texmf-dist/fonts/type1/public/amsfonts/cm/cmr10.pfb></
usr/local/texlive/2017/texmf-dist/fonts/type1/public/amsfonts/cm/cmr9.pfb>
Output written on new.pdf (1 page, 38997 bytes).
PDF statistics:
 38 PDF objects out of 1000 (max. 8388607)
 30 compressed objects within 1 object stream
 5 named destinations out of 1000 (max. 500000)
 9 words of extra memory for PDF output out of 10000 (max. 10000000)

